# JRE version: Java(TM) SE Runtime Environment (8.0_202-b08) (build 1.8.0_202-b08)
# Java VM: Java HotSpot(TM) 64-Bit Server VM (25.202-b08 mixed mode windows-amd64 compressed oops)
Heap:
 PSYoungGen      total 64512K, used 11265K [0x00000000d5f80000, 0x00000000da780000, 0x0000000100000000)
  eden space 55296K, 3% used [0x00000000d5f80000,0x00000000d6183728,0x00000000d9580000)
  from space 9216K, 99% used [0x00000000d9580000,0x00000000d9e7cfa8,0x00000000d9e80000)
  to   space 7680K, 0% used [0x00000000da000000,0x00000000da000000,0x00000000da780000)
 ParOldGen       total 53760K, used 6989K [0x0000000081e00000, 0x0000000085280000, 0x00000000d5f80000)
  object space 53760K, 13% used [0x0000000081e00000,0x00000000824d3458,0x0000000085280000)
 Metaspace       used 32655K, capacity 33924K, committed 34048K, reserved 1079296K
  class space    used 3955K, capacity 4242K, committed 4352K, reserved 1048576K
GC Heap History (10 events):
Event: 6.252 GC heap before
{Heap before GC invocations=4 (full 0):
 PSYoungGen      total 38400K, used 25618K [0x00000000d5f80000, 0x00000000d8a00000, 0x0000000100000000)
  eden space 33280K, 61% used [0x00000000d5f80000,0x00000000d738ae90,0x00000000d8000000)
  from space 5120K, 99% used [0x00000000d8000000,0x00000000d84f9b40,0x00000000d8500000)
  to   space 5120K, 0% used [0x00000000d8500000,0x00000000d8500000,0x00000000d8a00000)
 ParOldGen       total 87552K, used 4599K [0x0000000081e00000, 0x0000000087380000, 0x00000000d5f80000)
  object space 87552K, 5% used [0x0000000081e00000,0x000000008227dc28,0x0000000087380000)
 Metaspace       used 20433K, capacity 21000K, committed 21248K, reserved 1069056K
  class space    used 2279K, capacity 2442K, committed 2560K, reserved 1048576K
Event: 6.259 GC heap after
Heap after GC invocations=4 (full 0):
 PSYoungGen      total 38400K, used 5117K [0x00000000d5f80000, 0x00000000daa80000, 0x0000000100000000)
  eden space 33280K, 0% used [0x00000000d5f80000,0x00000000d5f80000,0x00000000d8000000)
  from space 5120K, 99% used [0x00000000d8500000,0x00000000d89ff4b0,0x00000000d8a00000)
  to   space 5120K, 0% used [0x00000000d8000000,0x00000000d8000000,0x00000000d8500000)
 ParOldGen       total 87552K, used 6585K [0x0000000081e00000, 0x0000000087380000, 0x00000000d5f80000)
  object space 87552K, 7% used [0x0000000081e00000,0x000000008246e528,0x0000000087380000)
 Metaspace       used 20433K, capacity 21000K, committed 21248K, reserved 1069056K
  class space    used 2279K, capacity 2442K, committed 2560K, reserved 1048576K
}
Event: 6.259 GC heap before
{Heap before GC invocations=5 (full 1):
 PSYoungGen      total 38400K, used 5117K [0x00000000d5f80000, 0x00000000daa80000, 0x0000000100000000)
  eden space 33280K, 0% used [0x00000000d5f80000,0x00000000d5f80000,0x00000000d8000000)
  from space 5120K, 99% used [0x00000000d8500000,0x00000000d89ff4b0,0x00000000d8a00000)
  to   space 5120K, 0% used [0x00000000d8000000,0x00000000d8000000,0x00000000d8500000)
 ParOldGen       total 87552K, used 6585K [0x0000000081e00000, 0x0000000087380000, 0x00000000d5f80000)
  object space 87552K, 7% used [0x0000000081e00000,0x000000008246e528,0x0000000087380000)
 Metaspace       used 20433K, capacity 21000K, committed 21248K, reserved 1069056K
  class space    used 2279K, capacity 2442K, committed 2560K, reserved 1048576K
Event: 6.293 GC heap after
Heap after GC invocations=5 (full 1):
 PSYoungGen      total 38400K, used 0K [0x00000000d5f80000, 0x00000000daa80000, 0x0000000100000000)
  eden space 33280K, 0% used [0x00000000d5f80000,0x00000000d5f80000,0x00000000d8000000)
  from space 5120K, 0% used [0x00000000d8500000,0x00000000d8500000,0x00000000d8a00000)
  to   space 5120K, 0% used [0x00000000d8000000,0x00000000d8000000,0x00000000d8500000)
 ParOldGen       total 53760K, used 6945K [0x0000000081e00000, 0x0000000085280000, 0x00000000d5f80000)
  object space 53760K, 12% used [0x0000000081e00000,0x00000000824c8780,0x0000000085280000)
 Metaspace       used 20433K, capacity 21000K, committed 21248K, reserved 1069056K
  class space    used 2279K, capacity 2442K, committed 2560K, reserved 1048576K
}
Event: 6.890 GC heap before
{Heap before GC invocations=6 (full 1):
 PSYoungGen      total 38400K, used 33280K [0x00000000d5f80000, 0x00000000daa80000, 0x0000000100000000)
  eden space 33280K, 100% used [0x00000000d5f80000,0x00000000d8000000,0x00000000d8000000)
  from space 5120K, 0% used [0x00000000d8500000,0x00000000d8500000,0x00000000d8a00000)
  to   space 5120K, 0% used [0x00000000d8000000,0x00000000d8000000,0x00000000d8500000)
 ParOldGen       total 53760K, used 6945K [0x0000000081e00000, 0x0000000085280000, 0x00000000d5f80000)
  object space 53760K, 12% used [0x0000000081e00000,0x00000000824c8780,0x0000000085280000)
 Metaspace       used 23705K, capacity 24494K, committed 24704K, reserved 1071104K
  class space    used 2718K, capacity 2925K, committed 2944K, reserved 1048576K
Event: 6.894 GC heap after
Heap after GC invocations=6 (full 1):
 PSYoungGen      total 38400K, used 3548K [0x00000000d5f80000, 0x00000000da980000, 0x0000000100000000)
  eden space 33280K, 0% used [0x00000000d5f80000,0x00000000d5f80000,0x00000000d8000000)
  from space 5120K, 69% used [0x00000000d8000000,0x00000000d8377160,0x00000000d8500000)
  to   space 9728K, 0% used [0x00000000da000000,0x00000000da000000,0x00000000da980000)
 ParOldGen       total 53760K, used 6953K [0x0000000081e00000, 0x0000000085280000, 0x00000000d5f80000)
  object space 53760K, 12% used [0x0000000081e00000,0x00000000824ca780,0x0000000085280000)
 Metaspace       used 23705K, capacity 24494K, committed 24704K, reserved 1071104K
  class space    used 2718K, capacity 2925K, committed 2944K, reserved 1048576K
}
Event: 8.040 GC heap before
{Heap before GC invocations=7 (full 1):
 PSYoungGen      total 38400K, used 36828K [0x00000000d5f80000, 0x00000000da980000, 0x0000000100000000)
  eden space 33280K, 100% used [0x00000000d5f80000,0x00000000d8000000,0x00000000d8000000)
  from space 5120K, 69% used [0x00000000d8000000,0x00000000d8377160,0x00000000d8500000)
  to   space 9728K, 0% used [0x00000000da000000,0x00000000da000000,0x00000000da980000)
 ParOldGen       total 53760K, used 6953K [0x0000000081e00000, 0x0000000085280000, 0x00000000d5f80000)
  object space 53760K, 12% used [0x0000000081e00000,0x00000000824ca780,0x0000000085280000)
 Metaspace       used 26500K, capacity 27496K, committed 27776K, reserved 1073152K
  class space    used 3132K, capacity 3392K, committed 3456K, reserved 1048576K
Event: 8.046 GC heap after
Heap after GC invocations=7 (full 1):
 PSYoungGen      total 62976K, used 5023K [0x00000000d5f80000, 0x00000000da780000, 0x0000000100000000)
  eden space 55296K, 0% used [0x00000000d5f80000,0x00000000d5f80000,0x00000000d9580000)
  from space 7680K, 65% used [0x00000000da000000,0x00000000da4e7fa8,0x00000000da780000)
  to   space 9216K, 0% used [0x00000000d9580000,0x00000000d9580000,0x00000000d9e80000)
 ParOldGen       total 53760K, used 6953K [0x0000000081e00000, 0x0000000085280000, 0x00000000d5f80000)
  object space 53760K, 12% used [0x0000000081e00000,0x00000000824ca780,0x0000000085280000)
 Metaspace       used 26500K, capacity 27496K, committed 27776K, reserved 1073152K
  class space    used 3132K, capacity 3392K, committed 3456K, reserved 1048576K
}
Event: 18.014 GC heap before
{Heap before GC invocations=8 (full 1):
 PSYoungGen      total 62976K, used 60319K [0x00000000d5f80000, 0x00000000da780000, 0x0000000100000000)
  eden space 55296K, 100% used [0x00000000d5f80000,0x00000000d9580000,0x00000000d9580000)
  from space 7680K, 65% used [0x00000000da000000,0x00000000da4e7fa8,0x00000000da780000)
  to   space 9216K, 0% used [0x00000000d9580000,0x00000000d9580000,0x00000000d9e80000)
 ParOldGen       total 53760K, used 6953K [0x0000000081e00000, 0x0000000085280000, 0x00000000d5f80000)
  object space 53760K, 12% used [0x0000000081e00000,0x00000000824ca780,0x0000000085280000)
 Metaspace       used 32514K, capacity 33764K, committed 33920K, reserved 1079296K
  class space    used 3923K, capacity 4210K, committed 4224K, reserved 1048576K
Event: 18.045 GC heap after
Heap after GC invocations=8 (full 1):
 PSYoungGen      total 64512K, used 9203K [0x00000000d5f80000, 0x00000000da780000, 0x0000000100000000)
  eden space 55296K, 0% used [0x00000000d5f80000,0x00000000d5f80000,0x00000000d9580000)
  from space 9216K, 99% used [0x00000000d9580000,0x00000000d9e7cfa8,0x00000000d9e80000)
  to   space 7680K, 0% used [0x00000000da000000,0x00000000da000000,0x00000000da780000)
 ParOldGen       total 53760K, used 6989K [0x0000000081e00000, 0x0000000085280000, 0x00000000d5f80000)
  object space 53760K, 13% used [0x0000000081e00000,0x00000000824d3458,0x0000000085280000)
 Metaspace       used 32514K, capacity 33764K, committed 33920K, reserved 1079296K
  class space    used 3923K, capacity 4210K, committed 4224K, reserved 1048576K
}

