# JRE version: Java(TM) SE Runtime Environment (8.0_202-b08) (build 1.8.0_202-b08)
# Java VM: Java HotSpot(TM) 64-Bit Server VM (25.202-b08 mixed mode windows-amd64 compressed oops)
Heap:
 PSYoungGen      total 59392K, used 49162K [0x00000000d5f80000, 0x00000000da380000, 0x0000000100000000)
  eden space 51200K, 86% used [0x00000000d5f80000,0x00000000d8a87568,0x00000000d9180000)
  from space 8192K, 62% used [0x00000000d9b80000,0x00000000da07b410,0x00000000da380000)
  to   space 9216K, 0% used [0x00000000d9180000,0x00000000d9180000,0x00000000d9a80000)
 ParOldGen       total 58368K, used 7046K [0x0000000081e00000, 0x0000000085700000, 0x00000000d5f80000)
  object space 58368K, 12% used [0x0000000081e00000,0x00000000824e18d0,0x0000000085700000)
 Metaspace       used 31560K, capacity 32860K, committed 33024K, reserved 1079296K
  class space    used 3783K, capacity 4082K, committed 4096K, reserved 1048576K
GC Heap History (10 events):
Event: 4.926 GC heap before
{Heap before GC invocations=3 (full 0):
 PSYoungGen      total 38400K, used 38378K [0x00000000d5f80000, 0x00000000d8a00000, 0x0000000100000000)
  eden space 33280K, 100% used [0x00000000d5f80000,0x00000000d8000000,0x00000000d8000000)
  from space 5120K, 99% used [0x00000000d8500000,0x00000000d89faad8,0x00000000d8a00000)
  to   space 5120K, 0% used [0x00000000d8000000,0x00000000d8000000,0x00000000d8500000)
 ParOldGen       total 87552K, used 1995K [0x0000000081e00000, 0x0000000087380000, 0x00000000d5f80000)
  object space 87552K, 2% used [0x0000000081e00000,0x0000000081ff2c78,0x0000000087380000)
 Metaspace       used 18227K, capacity 18776K, committed 18944K, reserved 1067008K
  class space    used 2065K, capacity 2196K, committed 2304K, reserved 1048576K
Event: 4.934 GC heap after
Heap after GC invocations=3 (full 0):
 PSYoungGen      total 38400K, used 5106K [0x00000000d5f80000, 0x00000000d8a00000, 0x0000000100000000)
  eden space 33280K, 0% used [0x00000000d5f80000,0x00000000d5f80000,0x00000000d8000000)
  from space 5120K, 99% used [0x00000000d8000000,0x00000000d84fc9d0,0x00000000d8500000)
  to   space 5120K, 0% used [0x00000000d8500000,0x00000000d8500000,0x00000000d8a00000)
 ParOldGen       total 87552K, used 4565K [0x0000000081e00000, 0x0000000087380000, 0x00000000d5f80000)
  object space 87552K, 5% used [0x0000000081e00000,0x00000000822756f8,0x0000000087380000)
 Metaspace       used 18227K, capacity 18776K, committed 18944K, reserved 1067008K
  class space    used 2065K, capacity 2196K, committed 2304K, reserved 1048576K
}
Event: 5.362 GC heap before
{Heap before GC invocations=4 (full 0):
 PSYoungGen      total 38400K, used 26785K [0x00000000d5f80000, 0x00000000d8a00000, 0x0000000100000000)
  eden space 33280K, 65% used [0x00000000d5f80000,0x00000000d74aba30,0x00000000d8000000)
  from space 5120K, 99% used [0x00000000d8000000,0x00000000d84fc9d0,0x00000000d8500000)
  to   space 5120K, 0% used [0x00000000d8500000,0x00000000d8500000,0x00000000d8a00000)
 ParOldGen       total 87552K, used 4565K [0x0000000081e00000, 0x0000000087380000, 0x00000000d5f80000)
  object space 87552K, 5% used [0x0000000081e00000,0x00000000822756f8,0x0000000087380000)
 Metaspace       used 20537K, capacity 21064K, committed 21248K, reserved 1069056K
  class space    used 2286K, capacity 2442K, committed 2560K, reserved 1048576K
Event: 5.371 GC heap after
Heap after GC invocations=4 (full 0):
 PSYoungGen      total 38400K, used 5117K [0x00000000d5f80000, 0x00000000daa80000, 0x0000000100000000)
  eden space 33280K, 0% used [0x00000000d5f80000,0x00000000d5f80000,0x00000000d8000000)
  from space 5120K, 99% used [0x00000000d8500000,0x00000000d89ff4d8,0x00000000d8a00000)
  to   space 5120K, 0% used [0x00000000d8000000,0x00000000d8000000,0x00000000d8500000)
 ParOldGen       total 87552K, used 6631K [0x0000000081e00000, 0x0000000087380000, 0x00000000d5f80000)
  object space 87552K, 7% used [0x0000000081e00000,0x0000000082479ca0,0x0000000087380000)
 Metaspace       used 20537K, capacity 21064K, committed 21248K, reserved 1069056K
  class space    used 2286K, capacity 2442K, committed 2560K, reserved 1048576K
}
Event: 5.372 GC heap before
{Heap before GC invocations=5 (full 1):
 PSYoungGen      total 38400K, used 5117K [0x00000000d5f80000, 0x00000000daa80000, 0x0000000100000000)
  eden space 33280K, 0% used [0x00000000d5f80000,0x00000000d5f80000,0x00000000d8000000)
  from space 5120K, 99% used [0x00000000d8500000,0x00000000d89ff4d8,0x00000000d8a00000)
  to   space 5120K, 0% used [0x00000000d8000000,0x00000000d8000000,0x00000000d8500000)
 ParOldGen       total 87552K, used 6631K [0x0000000081e00000, 0x0000000087380000, 0x00000000d5f80000)
  object space 87552K, 7% used [0x0000000081e00000,0x0000000082479ca0,0x0000000087380000)
 Metaspace       used 20537K, capacity 21064K, committed 21248K, reserved 1069056K
  class space    used 2286K, capacity 2442K, committed 2560K, reserved 1048576K
Event: 5.417 GC heap after
Heap after GC invocations=5 (full 1):
 PSYoungGen      total 38400K, used 0K [0x00000000d5f80000, 0x00000000daa80000, 0x0000000100000000)
  eden space 33280K, 0% used [0x00000000d5f80000,0x00000000d5f80000,0x00000000d8000000)
  from space 5120K, 0% used [0x00000000d8500000,0x00000000d8500000,0x00000000d8a00000)
  to   space 5120K, 0% used [0x00000000d8000000,0x00000000d8000000,0x00000000d8500000)
 ParOldGen       total 58368K, used 7046K [0x0000000081e00000, 0x0000000085700000, 0x00000000d5f80000)
  object space 58368K, 12% used [0x0000000081e00000,0x00000000824e18d0,0x0000000085700000)
 Metaspace       used 20537K, capacity 21064K, committed 21248K, reserved 1069056K
  class space    used 2286K, capacity 2442K, committed 2560K, reserved 1048576K
}
Event: 6.215 GC heap before
{Heap before GC invocations=6 (full 1):
 PSYoungGen      total 38400K, used 33280K [0x00000000d5f80000, 0x00000000daa80000, 0x0000000100000000)
  eden space 33280K, 100% used [0x00000000d5f80000,0x00000000d8000000,0x00000000d8000000)
  from space 5120K, 0% used [0x00000000d8500000,0x00000000d8500000,0x00000000d8a00000)
  to   space 5120K, 0% used [0x00000000d8000000,0x00000000d8000000,0x00000000d8500000)
 ParOldGen       total 58368K, used 7046K [0x0000000081e00000, 0x0000000085700000, 0x00000000d5f80000)
  object space 58368K, 12% used [0x0000000081e00000,0x00000000824e18d0,0x0000000085700000)
 Metaspace       used 23758K, capacity 24558K, committed 24704K, reserved 1071104K
  class space    used 2728K, capacity 2925K, committed 2944K, reserved 1048576K
Event: 6.221 GC heap after
Heap after GC invocations=6 (full 1):
 PSYoungGen      total 38400K, used 3498K [0x00000000d5f80000, 0x00000000da500000, 0x0000000100000000)
  eden space 33280K, 0% used [0x00000000d5f80000,0x00000000d5f80000,0x00000000d8000000)
  from space 5120K, 68% used [0x00000000d8000000,0x00000000d836aa70,0x00000000d8500000)
  to   space 9728K, 0% used [0x00000000d9b80000,0x00000000d9b80000,0x00000000da500000)
 ParOldGen       total 58368K, used 7046K [0x0000000081e00000, 0x0000000085700000, 0x00000000d5f80000)
  object space 58368K, 12% used [0x0000000081e00000,0x00000000824e18d0,0x0000000085700000)
 Metaspace       used 23758K, capacity 24558K, committed 24704K, reserved 1071104K
  class space    used 2728K, capacity 2925K, committed 2944K, reserved 1048576K
}
Event: 7.428 GC heap before
{Heap before GC invocations=7 (full 1):
 PSYoungGen      total 38400K, used 36778K [0x00000000d5f80000, 0x00000000da500000, 0x0000000100000000)
  eden space 33280K, 100% used [0x00000000d5f80000,0x00000000d8000000,0x00000000d8000000)
  from space 5120K, 68% used [0x00000000d8000000,0x00000000d836aa70,0x00000000d8500000)
  to   space 9728K, 0% used [0x00000000d9b80000,0x00000000d9b80000,0x00000000da500000)
 ParOldGen       total 58368K, used 7046K [0x0000000081e00000, 0x0000000085700000, 0x00000000d5f80000)
  object space 58368K, 12% used [0x0000000081e00000,0x00000000824e18d0,0x0000000085700000)
 Metaspace       used 26582K, capacity 27674K, committed 27776K, reserved 1073152K
  class space    used 3147K, capacity 3413K, committed 3456K, reserved 1048576K
Event: 7.437 GC heap after
Heap after GC invocations=7 (full 1):
 PSYoungGen      total 59392K, used 5101K [0x00000000d5f80000, 0x00000000da380000, 0x0000000100000000)
  eden space 51200K, 0% used [0x00000000d5f80000,0x00000000d5f80000,0x00000000d9180000)
  from space 8192K, 62% used [0x00000000d9b80000,0x00000000da07b410,0x00000000da380000)
  to   space 9216K, 0% used [0x00000000d9180000,0x00000000d9180000,0x00000000d9a80000)
 ParOldGen       total 58368K, used 7046K [0x0000000081e00000, 0x0000000085700000, 0x00000000d5f80000)
  object space 58368K, 12% used [0x0000000081e00000,0x00000000824e18d0,0x0000000085700000)
 Metaspace       used 26582K, capacity 27674K, committed 27776K, reserved 1073152K
  class space    used 3147K, capacity 3413K, committed 3456K, reserved 1048576K
}

