# JRE version: Java(TM) SE Runtime Environment (8.0_202-b08) (build 1.8.0_202-b08)
# Java VM: Java HotSpot(TM) 64-Bit Server VM (25.202-b08 mixed mode windows-amd64 compressed oops)
Heap:
 PSYoungGen      total 60928K, used 16594K [0x00000000d5f80000, 0x00000000dbf80000, 0x0000000100000000)
  eden space 51712K, 14% used [0x00000000d5f80000,0x00000000d66f81a8,0x00000000d9200000)
  from space 9216K, 97% used [0x00000000d9200000,0x00000000d9abc990,0x00000000d9b00000)
  to   space 10240K, 0% used [0x00000000db580000,0x00000000db580000,0x00000000dbf80000)
 ParOldGen       total 57344K, used 6994K [0x0000000081e00000, 0x0000000085600000, 0x00000000d5f80000)
  object space 57344K, 12% used [0x0000000081e00000,0x00000000824d4ba8,0x0000000085600000)
 Metaspace       used 32997K, capacity 34278K, committed 34560K, reserved 1079296K
  class space    used 3980K, capacity 4275K, committed 4352K, reserved 1048576K
GC Heap History (10 events):
Event: 4.149 GC heap before
{Heap before GC invocations=4 (full 0):
 PSYoungGen      total 38400K, used 25949K [0x00000000d5f80000, 0x00000000d8a00000, 0x0000000100000000)
  eden space 33280K, 62% used [0x00000000d5f80000,0x00000000d73d9638,0x00000000d8000000)
  from space 5120K, 99% used [0x00000000d8000000,0x00000000d84fe0a0,0x00000000d8500000)
  to   space 5120K, 0% used [0x00000000d8500000,0x00000000d8500000,0x00000000d8a00000)
 ParOldGen       total 87552K, used 4375K [0x0000000081e00000, 0x0000000087380000, 0x00000000d5f80000)
  object space 87552K, 4% used [0x0000000081e00000,0x0000000082245f70,0x0000000087380000)
 Metaspace       used 20449K, capacity 21000K, committed 21248K, reserved 1069056K
  class space    used 2280K, capacity 2442K, committed 2560K, reserved 1048576K
Event: 4.156 GC heap after
Heap after GC invocations=4 (full 0):
 PSYoungGen      total 38400K, used 5102K [0x00000000d5f80000, 0x00000000daa80000, 0x0000000100000000)
  eden space 33280K, 0% used [0x00000000d5f80000,0x00000000d5f80000,0x00000000d8000000)
  from space 5120K, 99% used [0x00000000d8500000,0x00000000d89fbb68,0x00000000d8a00000)
  to   space 5120K, 0% used [0x00000000d8000000,0x00000000d8000000,0x00000000d8500000)
 ParOldGen       total 87552K, used 6292K [0x0000000081e00000, 0x0000000087380000, 0x00000000d5f80000)
  object space 87552K, 7% used [0x0000000081e00000,0x0000000082425290,0x0000000087380000)
 Metaspace       used 20449K, capacity 21000K, committed 21248K, reserved 1069056K
  class space    used 2280K, capacity 2442K, committed 2560K, reserved 1048576K
}
Event: 4.156 GC heap before
{Heap before GC invocations=5 (full 1):
 PSYoungGen      total 38400K, used 5102K [0x00000000d5f80000, 0x00000000daa80000, 0x0000000100000000)
  eden space 33280K, 0% used [0x00000000d5f80000,0x00000000d5f80000,0x00000000d8000000)
  from space 5120K, 99% used [0x00000000d8500000,0x00000000d89fbb68,0x00000000d8a00000)
  to   space 5120K, 0% used [0x00000000d8000000,0x00000000d8000000,0x00000000d8500000)
 ParOldGen       total 87552K, used 6292K [0x0000000081e00000, 0x0000000087380000, 0x00000000d5f80000)
  object space 87552K, 7% used [0x0000000081e00000,0x0000000082425290,0x0000000087380000)
 Metaspace       used 20449K, capacity 21000K, committed 21248K, reserved 1069056K
  class space    used 2280K, capacity 2442K, committed 2560K, reserved 1048576K
Event: 4.189 GC heap after
Heap after GC invocations=5 (full 1):
 PSYoungGen      total 38400K, used 0K [0x00000000d5f80000, 0x00000000daa80000, 0x0000000100000000)
  eden space 33280K, 0% used [0x00000000d5f80000,0x00000000d5f80000,0x00000000d8000000)
  from space 5120K, 0% used [0x00000000d8500000,0x00000000d8500000,0x00000000d8a00000)
  to   space 5120K, 0% used [0x00000000d8000000,0x00000000d8000000,0x00000000d8500000)
 ParOldGen       total 57344K, used 6978K [0x0000000081e00000, 0x0000000085600000, 0x00000000d5f80000)
  object space 57344K, 12% used [0x0000000081e00000,0x00000000824d0ba8,0x0000000085600000)
 Metaspace       used 20449K, capacity 21000K, committed 21248K, reserved 1069056K
  class space    used 2280K, capacity 2442K, committed 2560K, reserved 1048576K
}
Event: 4.799 GC heap before
{Heap before GC invocations=6 (full 1):
 PSYoungGen      total 38400K, used 33280K [0x00000000d5f80000, 0x00000000daa80000, 0x0000000100000000)
  eden space 33280K, 100% used [0x00000000d5f80000,0x00000000d8000000,0x00000000d8000000)
  from space 5120K, 0% used [0x00000000d8500000,0x00000000d8500000,0x00000000d8a00000)
  to   space 5120K, 0% used [0x00000000d8000000,0x00000000d8000000,0x00000000d8500000)
 ParOldGen       total 57344K, used 6978K [0x0000000081e00000, 0x0000000085600000, 0x00000000d5f80000)
  object space 57344K, 12% used [0x0000000081e00000,0x00000000824d0ba8,0x0000000085600000)
 Metaspace       used 23731K, capacity 24494K, committed 24704K, reserved 1071104K
  class space    used 2721K, capacity 2925K, committed 2944K, reserved 1048576K
Event: 4.803 GC heap after
Heap after GC invocations=6 (full 1):
 PSYoungGen      total 38400K, used 3507K [0x00000000d5f80000, 0x00000000da600000, 0x0000000100000000)
  eden space 33280K, 0% used [0x00000000d5f80000,0x00000000d5f80000,0x00000000d8000000)
  from space 5120K, 68% used [0x00000000d8000000,0x00000000d836cfb8,0x00000000d8500000)
  to   space 9728K, 0% used [0x00000000d9c80000,0x00000000d9c80000,0x00000000da600000)
 ParOldGen       total 57344K, used 6986K [0x0000000081e00000, 0x0000000085600000, 0x00000000d5f80000)
  object space 57344K, 12% used [0x0000000081e00000,0x00000000824d2ba8,0x0000000085600000)
 Metaspace       used 23731K, capacity 24494K, committed 24704K, reserved 1071104K
  class space    used 2721K, capacity 2925K, committed 2944K, reserved 1048576K
}
Event: 6.021 GC heap before
{Heap before GC invocations=7 (full 1):
 PSYoungGen      total 38400K, used 36787K [0x00000000d5f80000, 0x00000000da600000, 0x0000000100000000)
  eden space 33280K, 100% used [0x00000000d5f80000,0x00000000d8000000,0x00000000d8000000)
  from space 5120K, 68% used [0x00000000d8000000,0x00000000d836cfb8,0x00000000d8500000)
  to   space 9728K, 0% used [0x00000000d9c80000,0x00000000d9c80000,0x00000000da600000)
 ParOldGen       total 57344K, used 6986K [0x0000000081e00000, 0x0000000085600000, 0x00000000d5f80000)
  object space 57344K, 12% used [0x0000000081e00000,0x00000000824d2ba8,0x0000000085600000)
 Metaspace       used 26530K, capacity 27526K, committed 27776K, reserved 1073152K
  class space    used 3139K, capacity 3371K, committed 3456K, reserved 1048576K
Event: 6.028 GC heap after
Heap after GC invocations=7 (full 1):
 PSYoungGen      total 59392K, used 5031K [0x00000000d5f80000, 0x00000000da400000, 0x0000000100000000)
  eden space 51712K, 0% used [0x00000000d5f80000,0x00000000d5f80000,0x00000000d9200000)
  from space 7680K, 65% used [0x00000000d9c80000,0x00000000da169eb8,0x00000000da400000)
  to   space 9216K, 0% used [0x00000000d9200000,0x00000000d9200000,0x00000000d9b00000)
 ParOldGen       total 57344K, used 6986K [0x0000000081e00000, 0x0000000085600000, 0x00000000d5f80000)
  object space 57344K, 12% used [0x0000000081e00000,0x00000000824d2ba8,0x0000000085600000)
 Metaspace       used 26530K, capacity 27526K, committed 27776K, reserved 1073152K
  class space    used 3139K, capacity 3371K, committed 3456K, reserved 1048576K
}
Event: 14.060 GC heap before
{Heap before GC invocations=8 (full 1):
 PSYoungGen      total 59392K, used 56743K [0x00000000d5f80000, 0x00000000da400000, 0x0000000100000000)
  eden space 51712K, 100% used [0x00000000d5f80000,0x00000000d9200000,0x00000000d9200000)
  from space 7680K, 65% used [0x00000000d9c80000,0x00000000da169eb8,0x00000000da400000)
  to   space 9216K, 0% used [0x00000000d9200000,0x00000000d9200000,0x00000000d9b00000)
 ParOldGen       total 57344K, used 6986K [0x0000000081e00000, 0x0000000085600000, 0x00000000d5f80000)
  object space 57344K, 12% used [0x0000000081e00000,0x00000000824d2ba8,0x0000000085600000)
 Metaspace       used 32227K, capacity 33472K, committed 33664K, reserved 1079296K
  class space    used 3878K, capacity 4178K, committed 4224K, reserved 1048576K
Event: 14.082 GC heap after
Heap after GC invocations=8 (full 1):
 PSYoungGen      total 60928K, used 8946K [0x00000000d5f80000, 0x00000000dbf80000, 0x0000000100000000)
  eden space 51712K, 0% used [0x00000000d5f80000,0x00000000d5f80000,0x00000000d9200000)
  from space 9216K, 97% used [0x00000000d9200000,0x00000000d9abc990,0x00000000d9b00000)
  to   space 10240K, 0% used [0x00000000db580000,0x00000000db580000,0x00000000dbf80000)
 ParOldGen       total 57344K, used 6994K [0x0000000081e00000, 0x0000000085600000, 0x00000000d5f80000)
  object space 57344K, 12% used [0x0000000081e00000,0x00000000824d4ba8,0x0000000085600000)
 Metaspace       used 32227K, capacity 33472K, committed 33664K, reserved 1079296K
  class space    used 3878K, capacity 4178K, committed 4224K, reserved 1048576K
}

