# JRE version: Java(TM) SE Runtime Environment (8.0_202-b08) (build 1.8.0_202-b08)
# Java VM: Java HotSpot(TM) 64-Bit Server VM (25.202-b08 mixed mode windows-amd64 compressed oops)
Heap:
 PSYoungGen      total 99328K, used 37264K [0x00000000d5f80000, 0x00000000dcb80000, 0x0000000100000000)
  eden space 88576K, 42% used [0x00000000d5f80000,0x00000000d83e42f8,0x00000000db600000)
  from space 10752K, 0% used [0x00000000dc000000,0x00000000dc000000,0x00000000dca80000)
  to   space 10240K, 0% used [0x00000000db600000,0x00000000db600000,0x00000000dc000000)
 ParOldGen       total 76288K, used 11187K [0x0000000081e00000, 0x0000000086880000, 0x00000000d5f80000)
  object space 76288K, 14% used [0x0000000081e00000,0x00000000828ecd48,0x0000000086880000)
 Metaspace       used 34791K, capacity 36124K, committed 36312K, reserved 1081344K
  class space    used 4213K, capacity 4536K, committed 4608K, reserved 1048576K
GC Heap History (10 events):
Event: 7.657 GC heap before
{Heap before GC invocations=6 (full 1):
 PSYoungGen      total 38400K, used 33280K [0x00000000d5f80000, 0x00000000daa80000, 0x0000000100000000)
  eden space 33280K, 100% used [0x00000000d5f80000,0x00000000d8000000,0x00000000d8000000)
  from space 5120K, 0% used [0x00000000d8500000,0x00000000d8500000,0x00000000d8a00000)
  to   space 5120K, 0% used [0x00000000d8000000,0x00000000d8000000,0x00000000d8500000)
 ParOldGen       total 54272K, used 7099K [0x0000000081e00000, 0x0000000085300000, 0x00000000d5f80000)
  object space 54272K, 13% used [0x0000000081e00000,0x00000000824eee10,0x0000000085300000)
 Metaspace       used 23783K, capacity 24542K, committed 24704K, reserved 1071104K
  class space    used 2730K, capacity 2925K, committed 2944K, reserved 1048576K
Event: 7.660 GC heap after
Heap after GC invocations=6 (full 1):
 PSYoungGen      total 38400K, used 3562K [0x00000000d5f80000, 0x00000000da900000, 0x0000000100000000)
  eden space 33280K, 0% used [0x00000000d5f80000,0x00000000d5f80000,0x00000000d8000000)
  from space 5120K, 69% used [0x00000000d8000000,0x00000000d837a890,0x00000000d8500000)
  to   space 9728K, 0% used [0x00000000d9f80000,0x00000000d9f80000,0x00000000da900000)
 ParOldGen       total 54272K, used 7099K [0x0000000081e00000, 0x0000000085300000, 0x00000000d5f80000)
  object space 54272K, 13% used [0x0000000081e00000,0x00000000824eee10,0x0000000085300000)
 Metaspace       used 23783K, capacity 24542K, committed 24704K, reserved 1071104K
  class space    used 2730K, capacity 2925K, committed 2944K, reserved 1048576K
}
Event: 8.799 GC heap before
{Heap before GC invocations=7 (full 1):
 PSYoungGen      total 38400K, used 36842K [0x00000000d5f80000, 0x00000000da900000, 0x0000000100000000)
  eden space 33280K, 100% used [0x00000000d5f80000,0x00000000d8000000,0x00000000d8000000)
  from space 5120K, 69% used [0x00000000d8000000,0x00000000d837a890,0x00000000d8500000)
  to   space 9728K, 0% used [0x00000000d9f80000,0x00000000d9f80000,0x00000000da900000)
 ParOldGen       total 54272K, used 7099K [0x0000000081e00000, 0x0000000085300000, 0x00000000d5f80000)
  object space 54272K, 13% used [0x0000000081e00000,0x00000000824eee10,0x0000000085300000)
 Metaspace       used 26628K, capacity 27646K, committed 27776K, reserved 1073152K
  class space    used 3153K, capacity 3385K, committed 3456K, reserved 1048576K
Event: 8.806 GC heap after
Heap after GC invocations=7 (full 1):
 PSYoungGen      total 62464K, used 5092K [0x00000000d5f80000, 0x00000000da700000, 0x0000000100000000)
  eden space 54784K, 0% used [0x00000000d5f80000,0x00000000d5f80000,0x00000000d9500000)
  from space 7680K, 66% used [0x00000000d9f80000,0x00000000da479140,0x00000000da700000)
  to   space 9216K, 0% used [0x00000000d9500000,0x00000000d9500000,0x00000000d9e00000)
 ParOldGen       total 54272K, used 7099K [0x0000000081e00000, 0x0000000085300000, 0x00000000d5f80000)
  object space 54272K, 13% used [0x0000000081e00000,0x00000000824eee10,0x0000000085300000)
 Metaspace       used 26628K, capacity 27646K, committed 27776K, reserved 1073152K
  class space    used 3153K, capacity 3385K, committed 3456K, reserved 1048576K
}
Event: 17.087 GC heap before
{Heap before GC invocations=8 (full 1):
 PSYoungGen      total 62464K, used 59876K [0x00000000d5f80000, 0x00000000da700000, 0x0000000100000000)
  eden space 54784K, 100% used [0x00000000d5f80000,0x00000000d9500000,0x00000000d9500000)
  from space 7680K, 66% used [0x00000000d9f80000,0x00000000da479140,0x00000000da700000)
  to   space 9216K, 0% used [0x00000000d9500000,0x00000000d9500000,0x00000000d9e00000)
 ParOldGen       total 54272K, used 7099K [0x0000000081e00000, 0x0000000085300000, 0x00000000d5f80000)
  object space 54272K, 13% used [0x0000000081e00000,0x00000000824eee10,0x0000000085300000)
 Metaspace       used 32607K, capacity 33904K, committed 34048K, reserved 1079296K
  class space    used 3940K, capacity 4242K, committed 4352K, reserved 1048576K
Event: 17.114 GC heap after
Heap after GC invocations=8 (full 1):
 PSYoungGen      total 64000K, used 9205K [0x00000000d5f80000, 0x00000000dca80000, 0x0000000100000000)
  eden space 54784K, 0% used [0x00000000d5f80000,0x00000000d5f80000,0x00000000d9500000)
  from space 9216K, 99% used [0x00000000d9500000,0x00000000d9dfd590,0x00000000d9e00000)
  to   space 10752K, 0% used [0x00000000dc000000,0x00000000dc000000,0x00000000dca80000)
 ParOldGen       total 54272K, used 7107K [0x0000000081e00000, 0x0000000085300000, 0x00000000d5f80000)
  object space 54272K, 13% used [0x0000000081e00000,0x00000000824f0e10,0x0000000085300000)
 Metaspace       used 32607K, capacity 33904K, committed 34048K, reserved 1079296K
  class space    used 3940K, capacity 4242K, committed 4352K, reserved 1048576K
}
Event: 18.052 GC heap before
{Heap before GC invocations=9 (full 1):
 PSYoungGen      total 64000K, used 24308K [0x00000000d5f80000, 0x00000000dca80000, 0x0000000100000000)
  eden space 54784K, 27% used [0x00000000d5f80000,0x00000000d6e3fd90,0x00000000d9500000)
  from space 9216K, 99% used [0x00000000d9500000,0x00000000d9dfd590,0x00000000d9e00000)
  to   space 10752K, 0% used [0x00000000dc000000,0x00000000dc000000,0x00000000dca80000)
 ParOldGen       total 54272K, used 7107K [0x0000000081e00000, 0x0000000085300000, 0x00000000d5f80000)
  object space 54272K, 13% used [0x0000000081e00000,0x00000000824f0e10,0x0000000085300000)
 Metaspace       used 34052K, capacity 35340K, committed 35416K, reserved 1081344K
  class space    used 4140K, capacity 4454K, committed 4480K, reserved 1048576K
Event: 18.064 GC heap after
Heap after GC invocations=9 (full 1):
 PSYoungGen      total 99328K, used 6376K [0x00000000d5f80000, 0x00000000dcb80000, 0x0000000100000000)
  eden space 88576K, 0% used [0x00000000d5f80000,0x00000000d5f80000,0x00000000db600000)
  from space 10752K, 59% used [0x00000000dc000000,0x00000000dc63a010,0x00000000dca80000)
  to   space 10240K, 0% used [0x00000000db600000,0x00000000db600000,0x00000000dc000000)
 ParOldGen       total 54272K, used 7115K [0x0000000081e00000, 0x0000000085300000, 0x00000000d5f80000)
  object space 54272K, 13% used [0x0000000081e00000,0x00000000824f2e10,0x0000000085300000)
 Metaspace       used 34052K, capacity 35340K, committed 35416K, reserved 1081344K
  class space    used 4140K, capacity 4454K, committed 4480K, reserved 1048576K
}
Event: 18.064 GC heap before
{Heap before GC invocations=10 (full 2):
 PSYoungGen      total 99328K, used 6376K [0x00000000d5f80000, 0x00000000dcb80000, 0x0000000100000000)
  eden space 88576K, 0% used [0x00000000d5f80000,0x00000000d5f80000,0x00000000db600000)
  from space 10752K, 59% used [0x00000000dc000000,0x00000000dc63a010,0x00000000dca80000)
  to   space 10240K, 0% used [0x00000000db600000,0x00000000db600000,0x00000000dc000000)
 ParOldGen       total 54272K, used 7115K [0x0000000081e00000, 0x0000000085300000, 0x00000000d5f80000)
  object space 54272K, 13% used [0x0000000081e00000,0x00000000824f2e10,0x0000000085300000)
 Metaspace       used 34052K, capacity 35340K, committed 35416K, reserved 1081344K
  class space    used 4140K, capacity 4454K, committed 4480K, reserved 1048576K
Event: 18.146 GC heap after
Heap after GC invocations=10 (full 2):
 PSYoungGen      total 99328K, used 0K [0x00000000d5f80000, 0x00000000dcb80000, 0x0000000100000000)
  eden space 88576K, 0% used [0x00000000d5f80000,0x00000000d5f80000,0x00000000db600000)
  from space 10752K, 0% used [0x00000000dc000000,0x00000000dc000000,0x00000000dca80000)
  to   space 10240K, 0% used [0x00000000db600000,0x00000000db600000,0x00000000dc000000)
 ParOldGen       total 76288K, used 11187K [0x0000000081e00000, 0x0000000086880000, 0x00000000d5f80000)
  object space 76288K, 14% used [0x0000000081e00000,0x00000000828ecd48,0x0000000086880000)
 Metaspace       used 34052K, capacity 35340K, committed 35416K, reserved 1081344K
  class space    used 4140K, capacity 4454K, committed 4480K, reserved 1048576K
}

